2023-02-23 02:19:25,432 - data_set.py - line:91 - INFO -             0           1           2   ...          13          14          15
0   885.337396  800.484368  761.220502  ...  748.091927  760.685645  765.427775
1   721.567444  726.524624  721.767340  ...  749.942825  746.141096  748.515720
2   726.496129  730.273033  721.328526  ...  741.547165  746.397926  751.360195
3   721.788813  726.006075  724.415261  ...  746.367887  749.223628  754.092030
4   725.361396  730.226678  718.645997  ...  751.354780  753.369721  759.225829
5   729.712714  733.707816  734.047281  ...  755.769098  759.078725  761.669150
6   730.047373  734.640647  739.540457  ...  758.167422  763.325697  765.619286
7   734.392090  722.018351  744.547709  ...  761.434318  768.080137  775.887865
8   738.596424  725.202411  731.827774  ...  771.521122  775.321478  772.317502
9   739.288038  727.756140  732.733680  ...  770.646095  775.323961  782.492243
10  730.871861  734.357688  739.331837  ...  775.204865  773.449062  787.017459
11  734.572200  739.591983  744.346234  ...  778.573881  782.965888  783.150429
12  739.554214  744.544602  743.105013  ...  779.457105  781.482599  790.384313
13  743.185649  748.188937  748.848831  ...  782.821367  794.612931  803.254209
14  748.187013  750.491920  753.709568  ...  788.737677  792.547419  799.898827
15  750.220418  754.866447  759.419433  ...  793.048845  793.862162  802.117383

[16 rows x 16 columns]
2023-02-23 02:19:25,504 - data_set.py - line:93 - INFO - bic最小的P值和q值为：4、2
2023-02-23 02:19:26,149 - data_set.py - line:100 - INFO - predict time: 2005-07-27 05:20:00 count: 16.91826484312479
2023-02-23 02:19:26,149 - data_set.py - line:101 - INFO - test time: 2005-07-27 05:20:00 count: 18.125
2023-02-23 02:25:17,534 - data_set.py - line:91 - INFO -             0           1           2   ...          13          14          15
0   890.413154  804.981173  765.292443  ...  751.881852  764.406739  769.160306
1   725.775191  730.757391  725.590987  ...  753.547768  749.690418  752.036661
2   730.739722  734.282417  725.099321  ...  745.048568  749.931007  754.866589
3   725.636175  729.850697  728.320534  ...  749.875823  752.735428  757.588246
4   729.211795  734.088406  722.272560  ...  754.864494  757.054193  762.735445
5   733.588537  737.584395  737.851260  ...  759.287009  762.676408  765.702276
6   733.843872  738.434418  743.347100  ...  761.740726  766.914167  768.993093
7   738.188391  725.640252  748.361624  ...  772.444177  771.569831  779.737599
8   742.415657  728.863393  735.625996  ...  775.703506  770.237453  781.786377
9   742.991961  731.575137  736.562904  ...  774.167542  778.739042  786.147015
10  734.487889  737.976834  742.959119  ...  778.626908  783.725033  790.953538
11  738.166663  743.186185  747.975954  ...  783.023517  780.001966  785.885515
12  743.159667  748.148710  746.753346  ...  783.934020  785.294854  796.619992
13  746.827949  751.837995  752.510777  ...  787.607932  801.268268  797.387360
14  751.836272  754.214838  757.369601  ...  793.041389  798.551153  801.977047
15  753.999635  758.629338  763.221147  ...  798.050732  798.270000  807.577819

[16 rows x 16 columns]
2023-02-23 02:25:17,594 - data_set.py - line:93 - INFO - bic最小的P值和q值为：4、2
2023-02-23 02:25:18,093 - data_set.py - line:100 - INFO - predict time: 2005-07-27 06:00:00 count: 13.86104232294011
2023-02-23 02:25:18,094 - data_set.py - line:101 - INFO - test time: 2005-07-27 06:00:00 count: 18.0
2023-02-23 02:29:59,206 - data_set.py - line:91 - INFO -             0           1           2   ...          13          14          15
0   895.322092  809.323493  769.621068  ...  764.928121  768.331659  773.078523
1   730.016486  734.986878  730.391859  ...  758.729144  753.970285  756.417906
2   734.958541  738.840092  729.666792  ...  749.504492  770.694719  759.270132
3   730.307378  734.421633  732.849415  ...  754.248378  757.069984  762.008244
4   733.665474  738.536941  726.558057  ...  759.278833  762.042665  767.115258
5   738.035847  742.051813  742.547354  ...  764.292386  764.742508  770.627566
6   738.446669  743.081015  747.997433  ...  766.832588  772.044458  773.451170
7   742.847206  729.575275  753.017737  ...  778.256226  776.799916  783.184722
8   747.074563  732.668301  739.456134  ...  782.578423  783.156623  779.891436
9   747.825037  735.282176  740.266804  ...  777.273705  781.914968  789.380283
10  738.731592  742.034226  746.953005  ...  782.517348  787.097739  794.599110
11  742.419926  740.994247  751.023541  ...  786.440725  783.537615  790.643125
12  747.337730  746.009909  750.247222  ...  787.994823  788.750348  796.716835
13  750.763187  755.780436  756.210380  ...  792.258311  804.573600  801.141697
14  755.780353  758.239192  761.138068  ...  798.651146  808.575824  805.497146
15  757.910541  762.718777  767.391813  ...  801.548808  800.960026  811.256498

[16 rows x 16 columns]
2023-02-23 02:29:59,230 - data_set.py - line:93 - INFO - bic最小的P值和q值为：4、2
2023-02-23 02:29:59,570 - data_set.py - line:100 - INFO - predict time: 2005-07-27 06:40:00 count: 15.449933297537855
2023-02-23 02:29:59,571 - data_set.py - line:101 - INFO - test time: 2005-07-27 06:40:00 count: 16.75
2023-02-23 02:34:58,406 - data_set.py - line:91 - INFO -             0           1           2   ...          13          14          15
0   900.222186  813.629825  773.951101  ...  760.579221  772.424845  777.102448
1   733.803121  738.782626  734.170587  ...  762.491855  757.490626  759.939421
2   738.756019  742.663174  733.396463  ...  753.048278  757.795640  762.801321
3   734.203911  738.277869  736.548819  ...  757.774929  760.592884  765.550306
4   737.458535  742.323882  730.250521  ...  762.809609  765.578811  770.653711
5   741.795203  745.796086  746.349010  ...  767.828844  769.129793  774.270301
6   742.185904  746.838599  751.760754  ...  770.383646  775.634505  776.844458
7   746.609014  733.527761  756.788413  ...  781.017753  780.346084  788.022178
8   750.821519  736.592204  743.323122  ...  783.339928  778.772019  789.117546
9   751.547521  739.361337  744.362036  ...  780.666777  785.636904  793.078413
10  742.310564  745.633014  750.569502  ...  786.189962  791.390213  798.402237
11  746.005306  744.753704  754.630857  ...  790.101342  787.131794  795.553183
12  750.928465  749.774750  754.069418  ...  791.932400  793.103761  808.746419
13  754.484667  759.508076  759.915374  ...  796.438348  802.978712  804.938025
14  759.506703  762.110639  764.819370  ...  802.599365  802.533004  810.158513
15  761.524064  766.419475  771.184350  ...  804.781361  805.275329  815.388455

[16 rows x 16 columns]
2023-02-23 02:34:58,431 - data_set.py - line:93 - INFO - bic最小的P值和q值为：4、2
2023-02-23 02:34:58,796 - data_set.py - line:100 - INFO - predict time: 2005-07-27 07:20:00 count: 14.50094287634427
2023-02-23 02:34:58,796 - data_set.py - line:101 - INFO - test time: 2005-07-27 07:20:00 count: 17.875
2023-02-23 02:40:26,824 - data_set.py - line:91 - INFO -             0           1           2   ...          13          14          15
0   905.189273  818.097479  778.013461  ...  764.162041  776.553593  781.165400
1   737.762152  742.746178  738.459754  ...  766.099181  761.033207  763.496107
2   742.718612  746.578975  737.865471  ...  756.604451  761.398113  766.406008
3   738.346679  742.496805  734.545669  ...  761.372154  764.179799  769.124749
4   741.774306  746.684250  733.845763  ...  766.414481  768.940794  774.243792
5   746.251759  750.263819  750.751226  ...  771.431344  774.693525  777.627790
6   746.337868  750.978400  755.918479  ...  774.000091  779.270003  780.588401
7   750.757945  738.317663  760.952759  ...  774.289141  783.997822  782.795225
8   755.041323  741.547616  747.415661  ...  784.513956  794.372160  788.052548
9   755.656319  744.281316  749.301126  ...  784.546763  789.345425  796.835185
10  746.375138  749.668378  754.655963  ...  789.603166  787.152293  802.263214
11  749.992563  749.432301  759.724108  ...  798.962848  790.640405  798.268626
12  754.944868  754.447489  758.866716  ...  795.423827  796.499290  809.775388
13  758.487059  763.508210  763.643448  ...  800.032674  813.761251  808.898728
14  763.481224  766.094932  768.503983  ...  804.792820  816.743755  814.128919
15  765.234878  770.164070  774.888845  ...  807.781432  810.866398  820.549779

[16 rows x 16 columns]
2023-02-23 02:40:26,854 - data_set.py - line:93 - INFO - bic最小的P值和q值为：4、2
2023-02-23 02:40:27,469 - data_set.py - line:100 - INFO - predict time: 2005-07-27 08:00:00 count: 12.246622510057438
2023-02-23 02:40:27,469 - data_set.py - line:101 - INFO - test time: 2005-07-27 08:00:00 count: 20.875
2023-02-23 02:46:48,351 - data_set.py - line:91 - INFO -             0           1           2   ...          13          14          15
0   910.136507  822.732202  782.669584  ...  768.407734  780.277705  784.897449
1   742.206307  747.204408  742.990187  ...  769.730948  765.027260  767.282607
2   747.181389  750.924968  742.065473  ...  760.306122  765.148406  770.154565
3   742.854083  746.903749  739.684288  ...  765.112609  768.015896  772.968809
4   746.118148  751.058093  739.358277  ...  770.153769  773.085357  778.091201
5   750.716265  754.750396  755.116834  ...  777.869900  778.676813  781.116689
6   750.422128  755.012115  759.956143  ...  777.827703  783.185044  784.477134
7   754.771558  741.888326  764.996466  ...  789.677311  787.583769  798.085729
8   759.061660  745.117913  751.820134  ...  791.302212  786.911989  796.584986
9   759.531469  747.831104  752.857364  ...  788.313156  793.202489  793.770953
10  750.283718  753.551802  758.539238  ...  793.930059  798.366568  800.447451
11  753.875701  753.033548  763.615784  ...  797.903394  796.545778  804.943601
12  758.847761  758.092970  762.419082  ...  799.354941  803.036910  806.307353
13  762.309184  767.336003  767.890290  ...  805.048436  809.368841  812.337708
14  767.309049  769.914731  772.703590  ...  808.362474  808.792374  817.493874
15  769.615365  774.117796  778.793208  ...  812.429719  811.462592  823.512193

[16 rows x 16 columns]
2023-02-23 02:46:48,374 - data_set.py - line:93 - INFO - bic最小的P值和q值为：4、2
2023-02-23 02:46:48,706 - data_set.py - line:100 - INFO - predict time: 2005-07-27 08:40:00 count: 18.615800771092154
2023-02-23 02:46:48,706 - data_set.py - line:101 - INFO - test time: 2005-07-27 08:40:00 count: 20.875
2023-02-23 02:50:53,287 - data_set.py - line:91 - INFO -             0           1           2   ...          13          14          15
0   915.449977  827.294667  786.929122  ...  781.257737  784.295753  789.119920
1   746.606619  751.592204  747.803139  ...  774.684947  769.362911  772.069644
2   751.558420  755.499378  746.983985  ...  764.967914  769.778825  774.799662
3   747.371181  751.440834  747.204301  ...  769.785501  772.298880  777.209758
4   750.707759  755.670522  744.634180  ...  774.827705  776.690577  782.373821
5   755.395259  759.559708  759.986965  ...  779.876050  780.184287  786.152713
6   755.624874  760.369648  765.313119  ...  782.295411  787.502899  791.089675
7   760.172911  746.488072  770.365747  ...  793.906857  792.308473  802.023438
8   764.302160  749.368858  755.346493  ...  796.019909  795.495696  801.628507
9   764.839234  752.154406  757.182154  ...  802.725604  796.305639  800.025867
10  755.175028  758.567866  763.536508  ...  787.217677  801.423539  804.448919
11  758.884477  757.310367  768.654317  ...  801.747059  804.773889  808.349591
12  763.854209  762.347633  766.724500  ...  804.115214  807.384284  810.452877
13  767.463576  772.502999  772.869404  ...  809.404395  815.747414  816.441914
14  772.491848  774.986993  777.640402  ...  812.830840  812.868782  821.916363
15  774.805680  779.114021  783.986869  ...  818.760174  815.282440  825.056915

[16 rows x 16 columns]
2023-02-23 02:50:53,313 - data_set.py - line:93 - INFO - bic最小的P值和q值为：4、2
2023-02-23 02:50:53,770 - data_set.py - line:100 - INFO - predict time: 2005-07-27 09:20:00 count: 27.63532642751653
2023-02-23 02:50:53,770 - data_set.py - line:101 - INFO - test time: 2005-07-27 09:20:00 count: 29.0
2023-02-23 02:56:22,538 - data_set.py - line:91 - INFO -             0           1           2   ...          13          14          15
0   920.326780  831.678821  791.470446  ...  778.270434  790.141178  796.537107
1   751.257879  756.263840  752.872500  ...  779.714411  774.367947  777.509026
2   756.238707  760.240388  751.782494  ...  770.653754  775.332506  780.324672
3   752.492832  756.502593  752.364260  ...  775.393356  777.350257  782.247200
4   755.695841  760.675225  749.622082  ...  780.425934  781.278893  785.553303
5   760.437574  764.554761  765.018541  ...  784.813335  787.282503  791.128771
6   760.329331  765.188142  770.093061  ...  787.490878  792.077856  793.729848
7   765.043450  752.139474  775.171650  ...  789.081997  795.399882  806.439263
8   768.963472  754.618745  760.120689  ...  793.645297  806.642391  805.679293
9   769.800936  757.891921  762.920559  ...  797.492851  796.655731  808.602887
10  759.944064  763.355960  768.312577  ...  796.682093  800.508975  815.237193
11  763.710600  762.715365  772.263661  ...  808.246877  803.541144  814.650752
12  768.655036  767.752274  771.942499  ...  808.336416  810.226665  816.161687
13  772.305579  777.354502  778.246696  ...  813.147470  820.640140  822.058017
14  777.351799  779.716932  783.105676  ...  820.512378  821.951253  828.320197
15  779.470553  783.635646  788.559206  ...  821.716817  822.331707  831.168000

[16 rows x 16 columns]
2023-02-23 02:56:22,605 - data_set.py - line:93 - INFO - bic最小的P值和q值为：4、2
2023-02-23 02:56:23,162 - data_set.py - line:100 - INFO - predict time: 2005-07-27 10:00:00 count: 24.93421065503672
2023-02-23 02:56:23,162 - data_set.py - line:101 - INFO - test time: 2005-07-27 10:00:00 count: 40.5
2023-02-23 03:02:11,815 - data_set.py - line:91 - INFO -             0           1           2   ...          13          14          15
0   928.377046  842.687769  805.043335  ...  796.950353  799.391321  810.672862
1   764.589949  769.645720  764.858597  ...  791.704191  783.673595  787.405344
2   769.645437  773.369695  763.498555  ...  780.637646  785.190549  790.058535
3   765.598086  769.303635  766.939319  ...  785.301591  786.659023  791.628487
4   768.148536  773.100121  760.134325  ...  790.314214  790.511467  802.575021
5   772.786405  776.845318  776.492679  ...  795.376912  793.276295  796.632668
6   772.408754  777.209117  781.912420  ...  798.085069  802.439993  797.240508
7   776.939925  761.946360  783.523754  ...  804.361630  800.071719  803.433488
8   780.103059  764.534341  768.846743  ...  809.299832  812.761999  803.849489
9   782.140829  768.438017  772.785532  ...  807.106991  810.997014  820.063062
10  771.253468  774.702862  779.652916  ...  830.261219  808.043772  820.154251
11  775.060631  772.810369  780.708965  ...  815.272606  822.140094  820.386459
12  779.961530  777.867556  781.752031  ...  816.472465  822.397586  823.005261
13  783.959505  789.015750  789.391012  ...  820.441248  823.896435  828.320522
14  789.015750  791.128913  794.409286  ...  828.216865  830.480023  835.375303
15  790.739810  794.485482  799.444250  ...  829.652898  830.652660  837.872075

[16 rows x 16 columns]
2023-02-23 03:02:11,865 - data_set.py - line:93 - INFO - bic最小的P值和q值为：4、2
2023-02-23 03:02:12,408 - data_set.py - line:100 - INFO - predict time: 2005-07-27 10:40:00 count: 42.647611756323016
2023-02-23 03:02:12,408 - data_set.py - line:101 - INFO - test time: 2005-07-27 10:40:00 count: 53.25
2023-02-23 03:08:10,246 - data_set.py - line:91 - INFO -             0           1           2   ...          13          14          15
0   939.483548  850.119960  812.263328  ...  805.712941  808.271176  813.816421
1   771.656951  776.646359  774.289250  ...  804.618490  794.698910  798.469473
2   776.607731  781.071044  772.616093  ...  792.008455  798.541055  804.751011
3   773.782445  777.578950  775.123717  ...  803.356541  798.042757  809.017550
4   776.507740  781.506196  767.514103  ...  801.412929  802.869458  804.467093
5   781.306380  786.152069  785.485214  ...  806.471213  809.089138  808.552327
6   780.821743  785.631550  790.312993  ...  800.066895  812.295518  809.540591
7   785.358749  770.008027         NaN  ...  807.303440  807.996003  812.870088
8   788.308298  772.562972  777.487926  ...  808.147088  811.817064  812.560233
9   789.698704  776.639979  781.259150  ...  815.520740  817.774793  830.985898
10  781.486602  784.998523  789.994992  ...  811.595983  836.700004  831.154581
11  785.331057  782.686765  793.943345  ...  826.049405  826.508486  830.138342
12  790.276312  787.750958  791.928242  ...  823.562947  829.102600  831.072954
13  794.208090  799.263902  800.819801  ...  828.661865  831.082023  834.162414
14  799.241550  801.806377  805.570520  ...  834.618681  837.123290  842.750358
15  801.294241  805.426323  810.381948  ...  836.275202  839.934811  847.853970

[16 rows x 16 columns]
2023-02-23 03:08:10,270 - data_set.py - line:93 - INFO - bic最小的P值和q值为：4、2
2023-02-23 03:08:10,695 - data_set.py - line:100 - INFO - predict time: 2005-07-27 11:20:00 count: 60.32960683276586
2023-02-23 03:08:10,695 - data_set.py - line:101 - INFO - test time: 2005-07-27 11:20:00 count: 63.875
2023-02-23 03:14:05,407 - data_set.py - line:91 - INFO -             0           1           2   ...          14          15          16
0   951.774421  861.157614  818.736527  ...  816.532601  820.070208  804.596710
1   776.876573  781.855003  778.533940  ...  801.659130  804.885733  804.275846
2   781.803813  786.117827  776.902867  ...  803.864062  810.339688  808.265430
3   777.938274  781.843198  779.505073  ...  803.774033  813.699805  809.754617
4   780.938860  785.938164  771.988702  ...  808.038814  808.865821  814.541556
5   785.710713  790.674330  790.024024  ...  815.178502  815.853177  821.621704
6   785.494432  790.306889  795.016351  ...  822.177218  815.622615  823.639030
7   790.024727  774.864244  797.855790  ...  813.030020  818.406188  826.650661
8   792.994176  777.502618  782.073256  ...  816.415622  817.426545  819.875690
9   794.304068  781.614930  785.966959  ...  834.565106  836.683142  835.671334
10  785.635894  789.550533  794.527038  ...  841.705476  834.552085  831.383797
11  789.799890  787.228689  794.772073  ...  831.223099  837.638754  834.147905
12  794.761337  792.266927  796.338982  ...  834.596018  835.971068  849.244006
13  798.745863  803.808448  805.543303  ...  837.072372  841.733746  845.103410
14  803.786397  806.197605  810.426289  ...  841.109026  847.698737  852.541178
15  805.633510  809.609720  814.568158  ...  843.985249  851.880357  856.624060
16  809.986139  814.209843  805.008497  ...  856.262260  856.200289  844.531814

[17 rows x 17 columns]
2023-02-23 03:14:05,435 - data_set.py - line:93 - INFO - bic最小的P值和q值为：4、2
2023-02-23 03:14:05,813 - data_set.py - line:100 - INFO - predict time: 2005-07-27 12:00:00 count: 73.45868756500244
2023-02-23 03:14:05,813 - data_set.py - line:101 - INFO - test time: 2005-07-27 12:00:00 count: 70.75
2023-02-23 03:21:10,203 - data_set.py - line:91 - INFO -             0           1           2   ...          14          15          16
0   961.689222  867.527633  825.214401  ...  817.188430  823.902015  808.847551
1   780.701126  785.684957  782.412555  ...  805.378394  808.649425  807.940298
2   785.633335  789.948762  780.988953  ...  809.063755  813.861880  811.664180
3   781.729214  785.671597  783.580715  ...  807.543631  817.761889  814.447647
4   784.850024  789.869898  775.682977  ...  811.632456  821.234155  822.345460
5   789.684987  794.568270  794.134105  ...  819.080432  817.436350  822.988620
6   789.528449  794.376944  799.093576  ...  819.689096  829.425168  829.619070
7   794.126657  778.768218  801.795587  ...  816.758828  822.770179  830.789743
8   797.100206  781.265527  785.820780  ...  822.448409  819.647212  833.517685
9   798.367293  785.353163  789.669202  ...  827.675729  840.564660  841.478837
10  789.696544  793.590953  798.501097  ...  847.895109  830.817766  845.106388
11  793.927513  791.028980  797.504506  ...  835.147964  838.570009  837.919510
12  798.793524  796.056159  800.034150  ...  838.715834  840.034566  848.931423
13  802.756451  807.826565  809.671488  ...  844.565890  845.404571  848.659964
14  807.809111  810.103426  811.413790  ...  847.066778  854.003197  857.785966
15  809.641658  813.472503  818.439437  ...  846.752018  855.419643  860.358850
16  813.941915  818.150202  808.764374  ...  859.046222  860.042043  850.354853

[17 rows x 17 columns]
2023-02-23 03:21:10,264 - data_set.py - line:93 - INFO - bic最小的P值和q值为：4、2
2023-02-23 03:21:10,824 - data_set.py - line:100 - INFO - predict time: 2005-07-27 12:40:00 count: 78.54026153582625
2023-02-23 03:21:10,824 - data_set.py - line:101 - INFO - test time: 2005-07-27 12:40:00 count: 71.375
2023-02-23 03:28:45,686 - data_set.py - line:91 - INFO -             0           1           2   ...          14          15          16
0   968.714745  873.031834  829.416762  ...  823.987860  826.269349  811.730862
1   785.078420  790.020723  786.602862  ...  810.587771  813.770487  812.097802
2   789.942197  794.496962  785.233412  ...  810.700156  820.372172  816.264059
3   785.873327  789.879261  787.936338  ...  812.649137  816.721130  823.045632
4   789.053965  794.047863  779.980393  ...  819.891589  827.707040  825.359763
5   793.770294  798.005382  798.428011  ...  822.613325  823.601722  829.880728
6   794.052270  798.879748  803.658982  ...  817.819241  822.837073  831.444534
7   798.603471  783.187253  807.988214  ...  827.685473  826.998734  829.137563
8   801.792073  785.824524  790.592187  ...  826.784140  823.173591  827.527581
9   803.102900  789.752100  794.467919  ...  842.708597  844.813067  844.831956
10  794.391950  798.349545  803.217643  ...  839.783860  844.360086  844.306792
11  798.678907  795.481443  802.796292  ...  838.605486  842.764538  844.053767
12  803.601586  800.492234  804.676397  ...  841.268177  843.634618  855.109329
13  807.141366  812.217864  814.184047  ...  849.082424  848.990917  852.405146
14  812.203445  814.610418  815.879033  ...  850.962485  857.249346  860.254589
15  814.136100  818.112378  823.105044  ...  850.883882  857.752639  863.163151
16  818.434156  822.744704  813.415061  ...  863.124832  862.756159  859.732095

[17 rows x 17 columns]
2023-02-23 03:28:45,710 - data_set.py - line:93 - INFO - bic最小的P值和q值为：5、5
2023-02-23 03:28:46,385 - data_set.py - line:100 - INFO - predict time: 2005-07-27 13:20:00 count: 77.98405998189553
2023-02-23 03:28:46,385 - data_set.py - line:101 - INFO - test time: 2005-07-27 13:20:00 count: 72.25
2023-02-23 03:34:36,819 - data_set.py - line:91 - INFO -             0           1           2   ...          14          15          16
0   973.720024  877.642758  834.059237  ...  828.036078  830.632180  816.763714
1   792.462820  797.214659  793.069446  ...  817.065980  820.102442  818.893746
2   797.013892  801.958707  790.352405  ...  816.823251  821.829374  823.142927
3   791.831963  795.811347  793.113798  ...  818.160072  823.174756  826.241368
4   794.942213  799.932935  786.144038  ...  822.953805  827.721786  825.837421
5   799.594733  803.651909  803.265322  ...  828.794500  829.747812  830.951714
6   798.867561  803.578418  808.292117  ...  833.382041  826.068175  840.392291
7   803.191756  787.554936  810.681614  ...  829.949226  832.922681  834.379114
8   806.287007  790.601734  794.803308  ...  838.832500  828.208774  832.928128
9   807.933432  794.669066  798.977655  ...  829.935411  839.046512  848.433393
10  799.439736  803.484961  801.712012  ...  847.159781  840.883785  846.084942
11  803.775106  800.486527  806.798035  ...  844.961299  847.705830  844.940870
12  808.733999  805.481045  809.476798  ...  848.099110  848.129353  853.825754
13  812.461740  817.546825  819.419779  ...  849.562874  853.291029  856.543954
14  817.539497  819.434163  824.429605  ...  854.249248  859.328114  860.164065
15  819.556223  823.262989  828.262729  ...  855.642164  866.093220  868.583135
16  823.764260  827.983712  816.612674  ...  863.333747  867.054297  872.307320

[17 rows x 17 columns]
2023-02-23 03:34:36,845 - data_set.py - line:93 - INFO - bic最小的P值和q值为：4、2
2023-02-23 03:34:37,218 - data_set.py - line:100 - INFO - predict time: 2005-07-27 14:00:00 count: 68.69230498493485
2023-02-23 03:34:37,218 - data_set.py - line:101 - INFO - test time: 2005-07-27 14:00:00 count: 74.875
2023-02-23 03:42:03,001 - data_set.py - line:91 - INFO -             0           1           2   ...          14          15          16
0   978.735605  882.318175  838.674980  ...  832.382446  836.230913  820.396638
1   796.311964  801.096525  797.012332  ...  820.624172  823.712836  822.463662
2   800.919612  805.799965  795.340301  ...  820.564058  825.589147  827.130597
3   796.136225  800.228707  798.258200  ...  821.753540  826.757355  830.071359
4   799.435321  804.433310  790.202726  ...  826.319761  831.456007  830.252875
5   804.082651  808.188894  807.366428  ...  832.059615  832.483352  834.703542
6   803.498132  808.053432  812.774039  ...  830.796682  830.313940  843.961440
7   807.560368  791.720379  814.924373  ...  834.244134  837.362598  837.774061
8   811.005488  795.138909  799.014916  ...  842.390930  831.769531  836.522107
9   812.769907  798.932043  803.389891  ...  835.282747  855.215903  851.629372
10  803.586382  807.542207         NaN  ...  850.251727  855.242882  852.251712
11  807.863264  804.473761  810.857352  ...  849.073076  851.321032  851.420835
12  812.815325  809.494032  813.351206  ...  851.241916  851.625150  853.381033
13  816.491273  821.580019  823.296678  ...  852.295056  856.825595  860.116436
14  821.564862  823.209848  828.326252  ...  857.419444  861.881327  865.055279
15  823.272490  826.981103  831.972361  ...  859.251657  869.635567  872.772714
16  827.498583  831.675992   96.781254  ...  866.857655  870.516084  875.161433

[17 rows x 17 columns]
2023-02-23 03:42:03,028 - data_set.py - line:93 - INFO - bic最小的P值和q值为：16、2
2023-02-23 03:42:30,159 - data_set.py - line:100 - INFO - predict time: 2005-07-27 14:40:00 count: 12900.067001821626
2023-02-23 03:42:30,163 - data_set.py - line:101 - INFO - test time: 2005-07-27 14:40:00 count: 73.25
2023-02-23 03:49:48,619 - data_set.py - line:91 - INFO -             0           1           2   ...          14          15          16
0   984.013109  886.832586  843.099021  ...  838.660303  841.857635  826.758928
1   800.641044  805.423902  802.214684  ...  825.349806  828.542799  828.841321
2   805.250290  810.235983  801.823789  ...  826.022244  836.377649  833.495453
3   801.620790  806.044991  804.343554  ...  828.151558  831.383695  836.869726
4   805.450507  810.430633  795.614985  ...  833.232353  843.750578  835.987989
5   809.907424  813.939143  813.514450  ...  839.249491  837.951191  841.254691
6   809.327372  813.880201  818.373237  ...  834.142054  847.604989  844.590181
7   813.262379  797.082082  820.628123  ...  844.651231  844.442185  843.896088
8   816.156963  800.604842  804.360977  ...  853.204821  839.769624  845.239307
9   818.636981  804.908599  808.863678  ...  842.427291  863.620265  857.748602
10  810.080149  813.627322  812.092921  ...  857.941306  859.527159  854.655929
11  814.117362  810.625801  817.044344  ...  851.514461  856.778204  857.324289
12  819.015317  815.699009  819.867968  ...  857.499692  859.746049  865.701412
13  822.620462  827.711008  829.407956  ...  861.394992  862.882801  869.635311
14  827.685291  829.973663  834.467043  ...  865.376574  866.557698  871.388520
15  829.832520  834.207641  839.175279  ...  864.929873  876.746081  876.664654
16  834.557805  838.692007  831.712117  ...  874.831084  877.925422  882.732610

[17 rows x 17 columns]
2023-02-23 03:49:48,643 - data_set.py - line:93 - INFO - bic最小的P值和q值为：4、2
2023-02-23 03:49:48,960 - data_set.py - line:100 - INFO - predict time: 2005-07-27 15:20:00 count: 81.29188315502921
2023-02-23 03:49:48,961 - data_set.py - line:101 - INFO - test time: 2005-07-27 15:20:00 count: 77.0
2023-02-23 03:55:52,565 - data_set.py - line:91 - INFO -             0           1           2   ...          14          15          16
0   989.101106  891.695897  848.961183  ...  844.419381  847.256799  833.466902
1   806.450117  811.287832  808.341605  ...  830.782372  833.768827  834.470147
2   811.141184  816.136756  807.576054  ...  830.842215  842.034979  839.432851
3   807.577979  811.573942  810.631067  ...  833.430877  847.064529  842.686270
4   810.721625  815.745101  801.936678  ...  838.242603  843.503408  847.715140
5   815.471225  819.776253  818.322834  ...  843.278189  843.946665  850.702503
6   815.510826  820.113799  822.841674  ...  840.864094  843.414939  851.351381
7   819.515225  803.686676  826.298499  ...  853.758287  849.789787  851.136511
8   822.615155  807.202644  811.092798  ...  846.170841  844.892627  853.562934
9   825.891473  811.406227  815.570826  ...  866.272739  856.903755  854.598962
10  815.460583  818.888199  823.823484  ...  862.563896  861.008408  868.445990
11  819.291092  815.900412  824.406477  ...  857.615313  862.542382  863.462714
12  824.266035  821.002766  825.450626  ...  863.234292  866.244380  871.330751
13  828.014086  833.112551  834.555232  ...  867.160154  867.990491  868.512132
14  833.090396  835.885939  839.424585  ...  871.018834  874.255740  876.675879
15  835.136442  840.054366  845.021252  ...  871.057084  881.222832  882.623017
16  839.996548  844.360453  840.493187  ...  879.214976  882.724619  886.148674

[17 rows x 17 columns]
2023-02-23 03:55:52,592 - data_set.py - line:93 - INFO - bic最小的P值和q值为：4、2
2023-02-23 03:55:52,979 - data_set.py - line:100 - INFO - predict time: 2005-07-27 16:00:00 count: 76.38494547672978
2023-02-23 03:55:52,980 - data_set.py - line:101 - INFO - test time: 2005-07-27 16:00:00 count: 77.0
2023-02-23 04:03:06,731 - data_set.py - line:91 - INFO -             0           1           2   ...          14          15          16
0   994.687726  898.363473  857.197383  ...  850.201197  852.914116  838.791560
1   813.824652  818.823733  814.659517  ...  835.524120  838.721696  839.827006
2   818.760665  823.378948  813.349347  ...  836.459145  847.142109  845.032513
3   814.850727  818.926459  816.013944  ...  839.552274  851.820422  849.032481
4   817.889276  822.806072  806.887589  ...  844.593847  856.202533  847.256465
5   822.126700  825.913861  824.496683  ...  850.194683  849.959869  853.048611
6   821.038709  825.763612  830.327001  ...  845.425297  848.623706  856.913910
7   825.342647  809.261212  831.916972  ...  847.500843  852.513474  855.156339
8   828.357465  812.355601  816.552319  ...  849.410906  850.716791  859.660460
9   831.445895  816.549006  820.844619  ...  871.651017  868.587253  866.776348
10  819.671264  823.424993  828.343520  ...  869.276710  865.954276  869.714434
11  823.727605  820.328301  832.757563  ...  865.932599  868.113429  866.979953
12  828.750189  825.411115  830.057964  ...  867.467505  870.108117  869.369583
13  832.352592  837.452292  838.888670  ...  872.568615  874.319733  873.898980
14  837.418075  840.472238  843.852480  ...  873.547173  877.652711  880.618169
15  839.501348  844.460444  847.865212  ...  877.391994  886.101266  890.661498
16  844.357747  849.572365  841.403315  ...  885.136057  888.067413  893.043609

[17 rows x 17 columns]
2023-02-23 04:03:06,761 - data_set.py - line:93 - INFO - bic最小的P值和q值为：4、2
2023-02-23 04:03:07,347 - data_set.py - line:100 - INFO - predict time: 2005-07-27 16:40:00 count: 86.10960968806813
2023-02-23 04:03:07,348 - data_set.py - line:101 - INFO - test time: 2005-07-27 16:40:00 count: 76.375
2023-02-23 04:10:50,056 - data_set.py - line:91 - INFO -             0           1           2   ...          14          15          16
0   999.652026  903.626169  862.233138  ...  854.078251  856.972255  843.863332
1   818.947243  824.021631  818.857199  ...  840.848519  843.927026  844.464115
2   823.996393  828.257882  817.874540  ...  841.178364  851.901664  849.497351
3   819.348222  823.410499  821.017056  ...  844.438184  856.718246  854.013187
4   822.409512  827.320164  813.517427  ...  849.709536  861.383363  853.656898
5   826.634235  830.629028  829.161944  ...  854.854448  855.024280  859.426188
6   826.509826  831.128310  833.561666  ...  849.178573  852.859143  861.374853
7   830.476699  813.761201  836.758560  ...  851.615599  860.902056  859.389064
8   833.123793  817.147909  821.207143  ...  855.392358  856.443242  863.176228
9   836.254261  821.573137  825.660030  ...  874.398618  869.998905  865.260105
10  824.903576  828.948302  828.288311  ...  869.353406  874.979463  878.922429
11  829.301729  825.574918  838.389863  ...  869.714378  872.954651  871.617427
12  834.193153  830.568630  835.440853  ...  872.032683  874.579553  885.198154
13  837.570427  842.683603  844.092793  ...  878.424956  881.818832  886.564639
14  842.670598  846.184813  849.210106  ...  877.689391  881.126122  887.819270
15  844.546743  849.532016  851.128403  ...  879.466895  888.508716  897.882135
16  849.434794  836.551269  837.500477  ...  890.215155  893.135458  897.025490

[17 rows x 17 columns]
2023-02-23 04:10:50,081 - data_set.py - line:93 - INFO - bic最小的P值和q值为：7、5
2023-02-23 04:10:50,790 - data_set.py - line:100 - INFO - predict time: 2005-07-27 17:20:00 count: 76.17012045021939
2023-02-23 04:10:50,790 - data_set.py - line:101 - INFO - test time: 2005-07-27 17:20:00 count: 73.125
2023-02-23 04:16:39,343 - data_set.py - line:91 - INFO -              0           1           2   ...          14          15          16
0   1004.627698  908.152541  866.419870  ...  858.863490  861.817464  847.475180
1    822.845485  827.917129  823.135352  ...  844.611570  847.599801  848.100846
2    827.887498  832.259755  821.927323  ...  844.839911  855.723221  853.176893
3    823.557054  827.550527  824.844377  ...  848.237020  860.915124  858.047973
4    826.446505  831.354344  818.072140  ...  853.316664  865.362262  857.142529
5    830.658339  834.683694  832.940776  ...  858.488168  858.912996  862.270111
6    830.502154  835.050010  837.338829  ...  852.927753  856.325949  865.598467
7    834.305068  817.438876  840.611614  ...  869.405636  864.669570  862.789483
8    836.879065  820.772200  824.824759  ...  861.126405  859.446531  865.765222
9    840.011447  825.198308  829.294488  ...  864.020025  868.198423  876.553325
10   828.551476  832.605807  831.955754  ...  876.323663  876.795263  878.876430
11   832.952477  829.189338  842.047816  ...  872.050844  876.903953  882.557442
12   837.858532  834.183149  839.056566  ...  875.526705  878.232067  888.896685
13   841.222134  846.341527  847.754510  ...  882.308512  885.446095  889.842184
14   846.329190  849.878055  852.878561  ...  881.131276  883.822728  890.539206
15   848.220517  853.207202  854.177438  ...  882.750788  891.565548  900.457073
16   853.106617  840.094100  849.919966  ...  892.845436  896.465365  901.099465

[17 rows x 17 columns]
2023-02-23 04:16:39,369 - data_set.py - line:93 - INFO - bic最小的P值和q值为：7、5
2023-02-23 04:16:40,178 - data_set.py - line:100 - INFO - predict time: 2005-07-27 18:00:00 count: 69.86944766961837
2023-02-23 04:16:40,179 - data_set.py - line:101 - INFO - test time: 2005-07-27 18:00:00 count: 70.875
2023-02-23 04:26:08,737 - data_set.py - line:91 - INFO -              0           1           2   ...          15          16          17
0   1010.052596  913.902920  870.670588  ...  865.536742  851.089912  854.825853
1    827.711291  832.784052  827.661220  ...  851.181483  851.717449  856.857849
2    832.750540  836.947138  826.386545  ...  859.340086  856.853712  861.680423
3    827.843006  831.954861  829.139646  ...  864.474619  861.674156  861.666657
4    831.071955  836.036576  822.962138  ...  869.055359  860.248914  864.955495
5    835.457231  839.577856  838.068473  ...  862.439408  866.590691  864.615551
6    835.248406  839.833848  842.377587  ...  860.775495  869.552933  869.369113
7    839.055008  821.242099  845.413889  ...  868.572339  866.289985  871.078698
8    841.075550  824.485887  828.546677  ...  863.730079  871.393093  873.353910
9    843.985267  828.988528  833.011129  ...  872.667922  879.189762  876.119167
10   832.198105  836.266479  841.013841  ...  880.919850  886.581417  880.544323
11   836.603309  832.840209  845.736933  ...  880.778089  879.408719  882.580994
12   841.520968  837.839993  842.753073  ...  881.932342  890.341902  889.948744
13   844.960040  850.082308  851.528904  ...  887.372720  891.849099  885.802872
14   850.061627  853.625139  856.651762  ...  889.071996  894.121318  885.717800
15   852.016523  857.024996  857.752987  ...  895.761766  904.997105  884.874568
16   856.934107  844.042986  854.120164  ...  900.950305  904.421430  901.072098
17   860.882317   97.468076  867.788873  ...  900.884356  906.911892  906.765780

[18 rows x 18 columns]
2023-02-23 04:26:08,795 - data_set.py - line:93 - INFO - bic最小的P值和q值为：17、1
2023-02-23 04:26:31,236 - data_set.py - line:100 - INFO - predict time: 2005-07-27 18:40:00 count: 0.0
2023-02-23 04:26:31,237 - data_set.py - line:101 - INFO - test time: 2005-07-27 18:40:00 count: 67.375
2023-02-23 04:34:20,418 - data_set.py - line:91 - INFO -              0           1           2   ...          15          16          17
0   1015.229168  918.263276  874.823397  ...  869.262470  855.996064  859.596134
1    831.572919  836.654638  831.531964  ...  855.494916  855.903340  861.043461
2    836.623025  840.793625  830.311668  ...  863.213989  860.756046  865.759167
3    831.678719  835.811328  833.048667  ...  868.547342  865.632926  865.913005
4    834.970821  839.964683  826.761952  ...  872.801094  864.346295  870.231417
5    839.460230  843.596162  841.857349  ...  867.758029  870.570442  870.542952
6    839.062901  843.649940  846.147156  ...  865.780011  873.668597  874.502894
7    842.868488  825.392795  849.196853  ...  873.290967  870.927116  877.144596
8    844.871684  828.765746  832.651630  ...  867.028193  872.010250  877.964774
9    847.978952  833.387157  837.242764  ...  871.948947  883.195808  890.859808
10   836.960660  841.227435  839.905353  ...  884.962322  892.046919  885.912280
11   841.541903  837.515045  850.758791  ...  884.658383  881.184825  887.571677
12   846.443809  842.424783  847.565497  ...  885.864062  885.309628  890.619792
13   849.684747  854.793886  855.805119  ...  891.926223  890.648391  889.692096
14   854.722349  858.110912  860.922019  ...  891.940877  896.952988  894.988981
15   856.265008  861.310085  861.250505  ...  900.645518  907.028999  891.839522
16   861.233150  848.114693  857.282143  ...  904.824315  907.429967  893.106546
17   865.064760  847.688299  873.062113  ...  904.671176  909.873742  909.973330

[18 rows x 18 columns]
2023-02-23 04:34:20,447 - data_set.py - line:93 - INFO - bic最小的P值和q值为：17、3
2023-02-23 04:34:42,868 - data_set.py - line:100 - INFO - predict time: 2005-07-27 19:20:00 count: 11130.283524783352
2023-02-23 04:34:42,868 - data_set.py - line:101 - INFO - test time: 2005-07-27 19:20:00 count: 58.625
2023-02-23 04:43:15,138 - data_set.py - line:91 - INFO -              0           1           2   ...          15          16          17
0   1020.725898  923.722273  879.466915  ...  872.964500  861.080412  865.083864
1    835.787231  840.883512  835.515957  ...  860.414840  861.001819  866.123120
2    840.856733  844.893071  834.173783  ...  867.355395  865.584177  870.688867
3    835.672543  839.783368  837.016097  ...  872.565474  870.093378  871.347129
4    838.941356  843.956830  830.563335  ...  877.104644  870.764751  875.673183
5    843.501800  847.628864  845.613194  ...  873.973337  875.568877  875.438514
6    842.838495  847.414665  849.924157  ...  880.714404  875.274304  879.973856
7    846.620865  829.313307  852.934265  ...  871.254515  876.568645  880.617658
8    848.610277  832.651927  836.573539  ...  873.001600  879.918933  885.014140
9    851.711256  837.332303  841.126423  ...  877.817305  886.363655  891.354641
10   841.153585  845.706662  844.165375  ...  891.381157  890.264680  885.663512
11   845.899139  842.028416  855.210189  ...  892.563002  884.516614  892.292934
12   850.884446  846.808618  852.089743  ...  890.972301  890.622198  894.385610
13   854.087809  859.190783  860.376509  ...  893.518498  895.203906  894.921486
14   859.095138  862.587763  865.413263  ...  896.368165  901.411547  899.715011
15   861.146774  866.247881  865.295801  ...  909.551574  914.821139  904.558853
16   866.210404  871.398988  861.315879  ...  908.226714  910.690702  898.527445
17   870.226682  852.783282  874.069502  ...  908.277276  915.626001  913.218132

[18 rows x 18 columns]
2023-02-23 04:43:15,166 - data_set.py - line:93 - INFO - bic最小的P值和q值为：2、6
2023-02-23 04:43:15,709 - data_set.py - line:100 - INFO - predict time: 2005-07-27 20:00:00 count: 59.70922378717404
2023-02-23 04:43:15,709 - data_set.py - line:101 - INFO - test time: 2005-07-27 20:00:00 count: 50.0
2023-02-23 04:52:08,267 - data_set.py - line:91 - INFO -              0           1           2   ...          15          16          17
0   1029.098506  931.485216  888.270678  ...  883.501362  867.114477  871.592443
1    844.339581  849.427906  845.114587  ...  866.179687  867.306210  875.995338
2    849.394256  853.826153  843.953246  ...  875.583521  872.123037  877.150164
3    845.034554  849.012448  846.992000  ...  881.660438  878.484891  877.412689
4    848.045171  853.061858  852.131157  ...  876.973620  880.539014  880.660823
5    852.670200  856.953829  857.078614  ...  887.513934  887.408827  882.611831
6    853.212477  858.152003  862.464826  ...  873.664798  888.443121  887.776735
7    857.789296  839.005055  863.856868  ...  877.575649  880.625104  888.559992
8    858.966480  840.925100  845.711875  ...  881.118317  884.921810  891.749836
9    862.126340  845.660542  849.403791  ...  887.407265  886.320730  891.119402
10   852.218951  854.885182  852.755734  ...  893.962407  893.172714  899.344863
11   856.065322  851.006303  858.063885  ...  901.407140  895.359422  896.748037
12   860.635525  856.087204  860.584497  ...  897.913528  902.134990  899.792218
13   863.164966  868.277322  868.266695  ...  898.671590  906.064391  900.469528
14   868.196121  871.645220  873.376771  ...  904.325839  908.833705  906.227812
15   869.848095  874.993931  870.141017  ...  910.416788  918.469475  915.833324
16   874.991554  880.102705  869.027619  ...  915.723946  923.382350  910.913957
17   878.440983  859.992397  885.297612  ...  917.116327  921.623885  919.240821

[18 rows x 18 columns]
2023-02-23 04:52:08,293 - data_set.py - line:93 - INFO - bic最小的P值和q值为：5、9
2023-02-23 04:52:10,354 - data_set.py - line:100 - INFO - predict time: 2005-07-27 20:40:00 count: -20193.905999389634
2023-02-23 04:52:10,354 - data_set.py - line:101 - INFO - test time: 2005-07-27 20:40:00 count: 44.0
2023-02-23 04:59:49,450 - data_set.py - line:91 - INFO -              0           1           2   ...          15          16          17
0   1037.342616  937.567587  893.022973  ...  888.257722  871.378212  875.519789
1    848.462118  853.533430  849.271261  ...  870.327162  871.187187  877.667906
2    853.487406  857.973283  848.280582  ...  872.222320  876.061324  881.079723
3    849.047397  853.077135  851.300834  ...  876.384184  882.893468  880.948119
4    852.178011  857.208808  856.435040  ...  880.780879  885.372501  884.433687
5    856.830733  861.152998  861.224956  ...  892.201592  891.380545  886.369810
6    857.424612  862.313069  866.714502  ...  876.243538  888.583119  891.403000
7    861.882530  842.883615  868.117497  ...  881.203788  884.205911  890.665430
8    863.507668  845.043541  849.784054  ...  885.798708  888.513644  895.037845
9    866.515076  849.618365  853.624705  ...  904.450223  900.550326  895.433930
10   856.720667  853.601418  856.695748  ...  899.826486  893.883699  903.220187
11   860.714115  855.139940  861.993754  ...  901.599159  902.796780  900.139809
12   865.004964  860.175965  864.708047  ...  902.060040  908.263666  902.956669
13   867.196462  872.302413  872.192810  ...  901.824712  910.807761  904.376432
14   872.198438  875.810288  877.297204  ...  908.024496  912.445801  909.690488
15   873.810831  878.961263  874.525203  ...  912.913217  918.633722  919.638164
16   878.957399  884.077232  872.068032  ...  919.334302  923.893367  915.342940
17   882.657197  864.365973  887.100425  ...  919.779261  925.157641  923.514446

[18 rows x 18 columns]
2023-02-23 04:59:49,479 - data_set.py - line:93 - INFO - bic最小的P值和q值为：2、6
2023-02-23 04:59:50,212 - data_set.py - line:100 - INFO - predict time: 2005-07-27 21:20:00 count: 33.40236153025066
2023-02-23 04:59:50,212 - data_set.py - line:101 - INFO - test time: 2005-07-27 21:20:00 count: 39.875
2023-02-23 05:09:44,269 - data_set.py - line:91 - INFO -              0           1           2   ...          15          16          17
0   1043.889988  942.719306  897.259870  ...  892.469031  874.947645  879.500756
1    852.476472  857.543708  853.817238  ...  874.041665  875.332162  880.382336
2    857.492846  862.030700  852.833810  ...  877.450126  880.455122  885.336004
3    853.372319  857.404645  855.837415  ...  889.993239  885.509281  885.171041
4    856.515435  861.574012  846.005682  ...  894.044958  887.864707  888.541297
5    861.262693  865.614245  866.116784  ...  894.420943  891.124846  890.610746
6    861.749357  866.645540  871.157952  ...  884.442324  891.201703  896.252621
7    866.249960  847.492808  873.160789  ...  890.417764  889.264452  896.364605
8    868.275105  849.631436  854.735104  ...  890.739980  893.531309  899.603921
9    870.824724  854.025464  858.464885  ...  903.892299  892.484093  900.890339
10   861.396917  863.782878  861.562234  ...  904.998901  904.808856  901.887942
11   865.308444  860.019596  866.731672  ...  908.480727  898.635148  903.507784
12   869.473454  865.107649  869.599917  ...  906.354746  901.843109  907.118393
13   872.282345  877.426709  876.985172  ...  905.124351  909.198175  907.774297
14   877.388654  880.974054  880.146160  ...  911.683811  916.825629  912.693428
15   878.664173  883.820834  880.548519  ...  917.043814  922.741537  920.004456
16   883.817663  888.945328  877.166397  ...  920.559779  927.902825  919.162064
17   887.439289  868.391727  891.308310  ...  923.543720  928.061925  933.906656

[18 rows x 18 columns]
2023-02-23 05:09:44,328 - data_set.py - line:93 - INFO - bic最小的P值和q值为：4、5
2023-02-23 05:09:45,407 - data_set.py - line:100 - INFO - predict time: 2005-07-27 22:00:00 count: 34.800139746196194
2023-02-23 05:09:45,407 - data_set.py - line:101 - INFO - test time: 2005-07-27 22:00:00 count: 36.875
2023-02-23 05:16:43,396 - data_set.py - line:91 - INFO -              0           1           2   ...          15          16          17
0   1049.607764  947.466459  901.821095  ...  906.842471  878.708256  883.644481
1    856.408309  861.465933  857.691326  ...  877.980382  879.321619  885.455121
2    861.406890  865.993921  856.767922  ...  889.460857  884.205954  889.222107
3    857.185412  861.241878  859.893526  ...  896.135133  890.330183  888.523403
4    860.387025  865.450562  849.717819  ...  897.750884  891.491031  892.294857
5    865.133512  869.499091  869.913197  ...  897.154343  895.548388  894.624458
6    865.746492  870.656194  875.185577  ...  887.876578  895.260835  900.486563
7    870.266148  851.849136  876.916758  ...  893.423816  892.581322  902.905049
8    872.346570  854.043390  858.862733  ...  893.216702  898.202523  903.105258
9    875.172310  858.451959  862.684265  ...  898.685681  902.694816  906.993483
10   865.093054  867.566737  865.542567  ...  907.014293  908.071252  911.934257
11   869.038980  863.816167  870.845282  ...  909.058606  903.153397  907.341882
12   873.187795  868.899607  873.392423  ...  909.747439  907.620062  910.155197
13   875.953923  881.106761  880.647147  ...  908.569970  912.511227  911.412883
14   881.076802  884.588917  884.138997  ...  914.721189  920.617459  916.638434
15   882.321218  887.484022  882.686660  ...  920.110854  925.275807  916.889074
16   887.481401  892.616328  881.234317  ...  924.959614  930.622787  922.193523
17   891.100912  872.041151  896.044648  ...  927.060759  931.824186  937.448459

[18 rows x 18 columns]
2023-02-23 05:16:43,454 - data_set.py - line:93 - INFO - bic最小的P值和q值为：6、6
2023-02-23 05:16:44,385 - data_set.py - line:100 - INFO - predict time: 2005-07-27 22:40:00 count: 35.26283923537072
2023-02-23 05:16:44,385 - data_set.py - line:101 - INFO - test time: 2005-07-27 22:40:00 count: 36.0
2023-02-23 05:25:32,112 - data_set.py - line:91 - INFO -              0           1           2   ...          15          16          17
0   1054.973975  952.045413  905.968974  ...  899.922704  882.998018  887.570802
1    860.266047  865.323721  861.528006  ...  881.845226  883.600069  888.795474
2    865.261610  869.864807  860.712458  ...  884.118640  888.305112  893.416604
3    861.019007  865.083956  863.769049  ...  887.861043  894.190637  892.769581
4    864.243601  869.322222  853.359286  ...  892.862602  899.232538  897.505119
5    869.036793  873.431819  873.798594  ...  907.028134  903.379630  898.963926
6    869.647902  874.585481  879.131829  ...  893.385966  902.000678  904.371237
7    874.229638  855.527575  880.730935  ...  897.763234  897.192329  902.443281
8    876.266205  857.662578  862.484965  ...  896.974527  902.162939  908.085478
9    879.039895  862.072968  866.314013  ...  906.910407  899.318588  912.694473
10   868.796658  871.220715  869.216299  ...  913.191210  907.082940  909.454167
11   872.701852  867.486832  874.494712  ...  912.362514  909.502649  912.804884
12   876.861749  872.601860  877.100068  ...  913.622001  912.653471  915.896479
13   879.610200  884.768239  884.307845  ...  912.529404  922.660145  916.155607
14   884.737034  888.241955  886.859462  ...  918.293110  923.674404  920.897758
15   886.068252  891.238487  887.090697  ...  925.031560  929.899800  930.559091
16   891.238156  896.387685  884.901700  ...  929.646082  933.522399  927.533957
17   894.807477  875.705333  899.109413  ...  930.454367  935.746128  940.743036

[18 rows x 18 columns]
2023-02-23 05:25:32,142 - data_set.py - line:93 - INFO - bic最小的P值和q值为：4、2
2023-02-23 05:25:32,791 - data_set.py - line:100 - INFO - predict time: 2005-07-27 23:20:00 count: 32.53603773392195
2023-02-23 05:25:32,791 - data_set.py - line:101 - INFO - test time: 2005-07-27 23:20:00 count: 34.875
2023-02-23 05:34:18,416 - data_set.py - line:91 - INFO -              0           1           2   ...          15          16          17
0   1059.975360  956.403545  910.089846  ...  903.712179  887.448011  891.694719
1    864.445445  869.494095  865.526361  ...  885.423040  887.149875  892.316320
2    869.423034  874.070891  864.473218  ...  896.045197  891.908249  896.973648
3    864.936195  868.946158  867.526212  ...  901.405081  897.830227  896.359907
4    868.071914  873.158289  857.216908  ...  896.416411  903.827793  901.041803
5    872.881313  877.268068  877.602031  ...  901.691660  914.138818  903.574187
6    873.411719  878.353608  882.903676  ...  894.599765  903.531027  908.219446
7    877.995748  859.175791  884.517267  ...  901.393325  900.808794  906.150179
8    880.045004  861.296864  866.103630  ...  900.525209  905.131783  911.659772
9    882.801754  865.751564  869.927908  ...  906.952120  903.776975  915.127067
10   872.454384  874.890407  872.843755  ...  914.665857  916.082634  913.265496
11   876.383910  871.153767  878.129661  ...  916.150204  910.417524  916.223046
12   880.517236  876.259684  880.738014  ...  917.612745  915.139354  919.219110
13   883.274549  888.437697  888.081516  ...  917.540942  923.759821  925.387113
14   888.405036  891.918346  890.809584  ...  923.181764  928.155092  926.141027
15   889.768508  894.942372  890.684414  ...  928.354104  933.655863  933.595681
16   894.939409  900.085912  889.062196  ...  933.980202  938.035077  931.089144
17   898.615257  879.548954  903.219884  ...  934.925775  939.737520  938.455877

[18 rows x 18 columns]
2023-02-23 05:34:18,442 - data_set.py - line:93 - INFO - bic最小的P值和q值为：6、6
2023-02-23 05:34:19,169 - data_set.py - line:100 - INFO - predict time: 2005-07-28 00:00:00 count: 32.5956834836959
2023-02-23 05:34:19,170 - data_set.py - line:101 - INFO - test time: 2005-07-28 00:00:00 count: 34.125
2023-02-23 05:42:45,289 - data_set.py - line:91 - INFO -              0           1           2   ...          15          16          17
0   1064.993605  960.876402  914.342149  ...  907.438460  891.053880  895.228803
1    868.295936  873.355190  869.331088  ...  888.975005  890.697676  895.862584
2    873.287330  877.920923  868.376687  ...  899.908329  895.500001  900.540455
3    868.823592  872.883649  871.439016  ...  906.815433  901.443989  899.883494
4    872.021527  877.102627  860.933270  ...  899.975247  906.749862  904.617438
5    876.786153  881.145625  881.505622  ...  905.236602  917.873334  906.745336
6    877.236909  882.165888  886.703205  ...  900.547145  908.359051  911.851050
7    881.785099  862.813502  888.449552  ...  904.874889  904.308206  910.658071
8    883.813629  864.904439  869.779360  ...  904.134456  908.939183  915.228635
9    886.628651  869.360559  873.551034  ...  911.466612  907.302716  919.057753
10   876.163772  878.542034  876.492941  ...  918.156845  919.086352  915.967189
11   880.074685  874.746451  881.781821  ...  919.839533  914.240743  920.029458
12   884.170167  879.857682  884.349960  ...  921.492532  917.534141  923.854306
13   887.000271  892.166379  891.714026  ...  921.083665  924.886170  929.059274
14   892.125961  895.643257  893.312807  ...  926.477650  931.631698  928.767897
15   893.442601  898.621143  894.653255  ...  931.977182  936.984998  930.872228
16   898.616811  903.762973  893.328375  ...  936.982846  941.545162  934.689115
17   902.245701  883.513043  906.349640  ...  938.642715  944.056377  942.270885

[18 rows x 18 columns]
2023-02-23 05:42:45,387 - data_set.py - line:93 - INFO - bic最小的P值和q值为：6、6
2023-02-23 05:42:46,304 - data_set.py - line:100 - INFO - predict time: 2005-07-28 00:40:00 count: 29.175755088409726
2023-02-23 05:42:46,304 - data_set.py - line:101 - INFO - test time: 2005-07-28 00:40:00 count: 31.25
2023-02-23 05:55:08,044 - data_set.py - line:91 - INFO -              0           1           2   ...          16          17          18
0   1069.975475  965.221978  918.401254  ...  894.977834  899.084466  900.139747
1    872.122076  877.186357  873.118009  ...  894.243813  899.419432  902.965908
2    877.118081  881.751919  872.133807  ...  899.067447  904.114842  902.033938
3    872.618456  876.696318  875.193217  ...  904.988894  903.332051  910.665724
4    875.834042  880.917212  864.899699  ...  908.735604  908.171268  916.892130
5    880.586187  884.930311  885.284622  ...  914.133279  910.859296  916.225254
6    880.992426  885.924099  890.469273  ...  911.031042  915.533259  920.970000
7    885.539959  866.530640  892.217843  ...  907.874792  916.093553  920.547226
8    887.604207  868.712128  873.452813  ...  913.477003  918.642144  927.573453
9    890.420859  873.108832  877.281309  ...  917.074682  921.902485  923.851226
10   879.830596  882.177895  880.133347  ...  922.458671  918.258748  926.967206
11   883.736243  878.347877  885.425946  ...  917.018139  923.653730  928.135225
12   887.823026  883.466260  887.944804  ...  921.010711  927.640953  943.662177
13   890.647678  895.817239  895.325405  ...  926.697446  932.305011  948.323625
14   895.771717  899.279980  898.399332  ...  935.207567  930.649105  950.433653
15   897.071063  902.255019  898.186398  ...  940.974381  927.703935  940.301620
16   902.250434  907.402152  897.387887  ...  941.052166  930.450230  943.214045
17   905.895691  887.215146  910.355602  ...  947.171433  946.108845  954.689057
18   898.697000  886.658927  891.854496  ...  952.222418  949.836101  958.232180

[19 rows x 19 columns]
2023-02-23 05:55:08,072 - data_set.py - line:93 - INFO - bic最小的P值和q值为：6、6
2023-02-23 05:55:08,757 - data_set.py - line:100 - INFO - predict time: 2005-07-28 01:20:00 count: 30.14797780739363
2023-02-23 05:55:08,758 - data_set.py - line:101 - INFO - test time: 2005-07-28 01:20:00 count: 28.625
2023-02-23 06:04:32,501 - data_set.py - line:91 - INFO -              0           1           2   ...          16          17          18
0   1075.296884  970.251454  923.036359  ...  900.360547  904.216658  904.205646
1    876.652823  881.729096  877.611896  ...  898.625977  903.812291  907.005198
2    881.664352  886.255279  876.603707  ...  903.292066  908.422684  906.873319
3    877.146434  881.331032  879.426860  ...  909.494884  908.169772  916.799550
4    880.527257  885.606302   36.350698  ...  909.545858  912.815534  917.769469
5    885.220234  889.463524  890.030755  ...  918.123634  916.046845  919.018533
6    885.374861  890.353964  894.952170  ...  915.081349  921.133287  922.673035
7    890.051159  870.827912  897.757542  ...  911.298219  922.499990  924.045831
8    892.250102  872.724497  877.550928  ...  916.804187  922.196468  931.084438
9    894.757328  877.036683  881.225600  ...  920.490363  924.959818  926.435697
10   884.043472  886.618858  884.038601  ...  925.704299  931.808121  930.521844
11   888.123482  882.365960  889.272085  ...  920.986932  926.887733  935.080284
12   892.195812  887.442324  891.850566  ...  926.768340  929.586746  948.049591
13   894.938375  900.095442  899.600839  ...  930.635682  929.986901  945.679560
14   900.001736  903.420285  900.802780  ...  945.583158  934.131921  952.281870
15   900.913813  906.105557  903.170140  ...  943.528409  931.627623  943.296255
16   906.104051  911.270251  899.254316  ...  942.584519  934.660216  954.087024
17   909.782954  890.708380  913.929047  ...  950.842979  950.067984  958.679199
18   902.856388  890.113578  895.364461  ...  956.625020  953.840362  962.101014

[19 rows x 19 columns]
2023-02-23 06:04:32,562 - data_set.py - line:93 - INFO - bic最小的P值和q值为：4、2
2023-02-23 06:04:33,226 - data_set.py - line:100 - INFO - predict time: 2005-07-28 02:00:00 count: 0.0
2023-02-23 06:04:33,226 - data_set.py - line:101 - INFO - test time: 2005-07-28 02:00:00 count: 26.25
2023-02-23 06:17:16,309 - data_set.py - line:91 - INFO -              0           1           2   ...          16          17          18
0   1080.554328  974.645249  927.162193  ...  904.580657  908.113722  908.071409
1    880.477315  885.556110  881.401578  ...  902.350443  907.557741  910.781977
2    885.489874  890.096686  880.360858  ...  906.887444  912.073796  909.375893
3    880.933821  885.125198  883.168363  ...  912.610507  911.916841  920.868169
4    884.315279  889.396210  872.383760  ...  912.013441  916.849066  920.989203
5    888.998193  893.233007  893.792571  ...  921.035774  919.072299  922.697155
6    889.119260  894.102755  898.705078  ...  920.453368  923.901154  926.399071
7    893.799484  874.479390  901.509942  ...  915.158803  925.486665  927.607776
8    896.030751  876.342461  881.234891  ...  920.307128  925.727675  934.782202
9    898.571239  880.634413  884.880938  ...  926.822418  928.254442  930.639890
10   887.694594  890.246483  887.623322  ...  929.721408  925.219115  933.229370
11   891.772949  885.973419  892.869735  ...  923.519921  930.483083  938.108463
12   895.831270  891.055621  895.438674  ...  928.523545  933.837518  951.966730
13   898.565002  903.727498  903.206019  ...  933.864035  932.673501  950.819949
14   903.633455  907.062217  905.124428  ...  942.332998  937.684203  955.740162
15   904.590939  909.786034  905.075450  ...  948.091795  935.056451  946.511908
16   909.781677  914.943905  903.201678  ...  946.066419  937.266407  957.631764
17   913.418260  894.244452  917.588593  ...  954.379116  953.742758  962.532185
18   906.472871  893.590091  898.797804  ...  959.733737  959.250342  965.259555

[19 rows x 19 columns]
2023-02-23 06:17:16,369 - data_set.py - line:93 - INFO - bic最小的P值和q值为：4、2
2023-02-23 06:17:16,963 - data_set.py - line:100 - INFO - predict time: 2005-07-28 02:40:00 count: 25.348478892588126
2023-02-23 06:17:16,963 - data_set.py - line:101 - INFO - test time: 2005-07-28 02:40:00 count: 22.5
2023-02-23 06:26:41,718 - data_set.py - line:91 - INFO -              0           1           2   ...          16          17          18
0   1085.752758  979.268017  931.268544  ...  908.869966  911.782636  911.662654
1    884.293235  889.377843  885.174272  ...  905.915291  911.123576  914.455078
2    889.311722  893.914144  884.108018  ...  910.417794  915.609508  913.581389
3    884.700635  888.890665  886.897310  ...  915.602829  915.347844  924.269002
4    888.075528  893.161331  875.914699  ...  914.894356  920.389992  923.542488
5    892.761681  897.001922  897.540801  ...  921.683277  923.810741  926.310831
6    892.896814  897.880735  902.484542  ...  920.950016  927.414805  930.834208
7    897.567775  878.090384  905.322923  ...  918.667619  928.122889  931.130840
8    899.765476  879.936769  884.825406  ...  923.384402  929.293381  938.311643
9    902.300092  884.225625  888.467962  ...  930.418437  932.253571  933.999527
10   891.427214  893.892677  891.201991  ...  933.183430  939.122075  933.961902
11   895.447146  889.557264  896.458990  ...  928.004657  934.101112  941.971220
12   899.505750  894.652132  899.016176  ...  931.580519  937.136223  955.404684
13   902.323709  907.491650  907.029631  ...  937.661827  939.779522  955.265069
14   907.395732  910.751443  908.698980  ...  945.393463  940.969790  958.970083
15   908.377299  913.580890  909.464910  ...  951.356197  938.409938  949.995420
16   913.580405  918.766346  907.330616  ...  948.520606  941.872117  953.427314
17   917.394643  897.943248  920.831676  ...  958.003533  957.093191  966.392803
18   910.137137  897.035080  902.271569  ...  964.285872  962.716153  969.268901

[19 rows x 19 columns]
2023-02-23 06:26:41,748 - data_set.py - line:93 - INFO - bic最小的P值和q值为：7、5
2023-02-23 06:26:42,614 - data_set.py - line:100 - INFO - predict time: 2005-07-28 03:20:00 count: 27.25140121765226
2023-02-23 06:26:42,614 - data_set.py - line:101 - INFO - test time: 2005-07-28 03:20:00 count: 20.625
2023-02-23 06:38:56,294 - data_set.py - line:91 - INFO -              0           1           2   ...          16          17          18
0   1091.328961  984.155828  936.199975  ...  913.610124  916.122842  917.014520
1    888.555314  893.651598  889.466212  ...  910.445287  915.668193  919.600809
2    893.589285  898.207060  888.335590  ...  915.121322  920.293363  918.163043
3    889.046812  893.200712  891.176012  ...  921.266631  920.666642  928.952440
4    892.332012  897.416907  880.780248  ...  924.755068  926.169420  933.842504
5    897.004317  901.209544  901.863332  ...  930.568605  928.522358  931.989535
6    897.084273  902.099490  906.076287  ...  924.291060  933.450931  937.653996
7    901.829923  883.036553  909.669220  ...  923.162069  934.296927  936.196574
8    904.143457  884.788238  889.937399  ...  927.706481  935.305087  945.707796
9    906.824815  889.074777  893.506562  ...  930.569040  933.056106  943.844478
10   896.891811  893.318706  896.105563  ...  937.550305  937.441516  946.949101
11   901.090319  894.840214  901.500955  ...  938.581425  941.965738  948.184278
12   904.849543  899.868330  904.422692  ...  944.433376  943.365183  970.531720
13   907.698606  912.894288  912.409036  ...  945.741181  943.577810  957.655532
14   912.857912  916.614822  917.609239  ...  954.494240  947.666627  960.667856
15   913.889492  919.098929  916.397970  ...  957.842148  952.142148  957.320596
16   919.098865  924.285958  914.258465  ...  967.267132  963.732020  970.902419
17   922.479397  902.722411  911.871949  ...  974.510733  970.640194  975.492829
18   916.789423  902.729775  907.963457  ...  979.036804  970.938853  979.016589

[19 rows x 19 columns]
2023-02-23 06:38:56,357 - data_set.py - line:93 - INFO - bic最小的P值和q值为：2、6
2023-02-23 06:38:57,151 - data_set.py - line:100 - INFO - predict time: 2005-07-28 04:00:00 count: 19.088151341688082
2023-02-23 06:38:57,152 - data_set.py - line:101 - INFO - test time: 2005-07-28 04:00:00 count: 19.375
2023-02-23 06:48:51,712 - data_set.py - line:91 - INFO -              0           1           2   ...          16          17          18
0   1096.426381  988.487735  940.288240  ...  917.716198  920.184392  921.399613
1    892.563216  897.669638  893.357156  ...  914.605941  919.822475  923.768975
2    897.609667  902.222087  892.152975  ...  919.090563  924.307224  921.940115
3    892.974529  897.113525  895.011850  ...  925.315108  924.894553  933.014323
4    896.220724  901.304466  884.438999  ...  929.107774  931.391989  931.245506
5    900.875164  905.077935  905.762249  ...  934.646860  932.392575  935.706545
6    900.959247  905.979835  892.621522  ...  927.577869  938.193746  940.644383
7    905.705019  886.646753  913.603734  ...  926.469962  937.238504  939.509822
8    907.928913  888.419852  893.530762  ...  931.112606  939.492293  945.108230
9    910.566664  892.703201  897.111291  ...  932.774905  936.548681  947.395126
10   900.526977  903.108232  899.718415  ...  940.631591  940.201922  950.748804
11   904.757820  898.471942  905.099048  ...  940.833176  945.504758  955.456375
12   908.551067  903.481909  908.028326  ...  947.162613  943.723858  962.992094
13   911.335455  916.536754  916.018753  ...  949.202246  947.291224  967.633384
14   916.500862  920.236660  921.407931  ...  957.415912  949.074121  967.789487
15   917.501471  922.716372  921.660255  ...  961.500627  953.700528  957.793290
16   922.716326  927.908136  918.433367  ...  970.194754  968.413669  974.735124
17   926.099424  906.266729  917.540379  ...  978.235257  973.441375  979.000575
18   920.630378  906.237021  911.566752  ...  984.998857  974.247367  982.716913

[19 rows x 19 columns]
2023-02-23 06:48:51,741 - data_set.py - line:93 - INFO - bic最小的P值和q值为：2、6
2023-02-23 06:48:52,353 - data_set.py - line:100 - INFO - predict time: 2005-07-28 04:40:00 count: 20.314083945486637
2023-02-23 06:48:52,353 - data_set.py - line:101 - INFO - test time: 2005-07-28 04:40:00 count: 19.375
2023-02-23 07:00:25,645 - data_set.py - line:91 - INFO -              0           1           2   ...          16          17          18
0   1101.430868  992.909106  944.355189  ...  921.320639  923.728643  924.937858
1    896.371463  901.479377  897.172227  ...  918.133160  923.355267  927.296840
2    901.417502  906.046923  895.899102  ...  922.616985  927.838557  925.262953
3    896.750221  900.885734  898.751219  ...  928.876174  928.471376  936.538254
4    899.986195  905.076211  888.060159  ...  932.949091  934.521262  934.526768
5    904.649540  908.852773  909.500947  ...  938.174989  936.059661  939.180361
6    904.690376  909.714325  897.743195  ...  931.481922  941.468670  943.933945
7    909.437066  890.407771  917.328077  ...  929.870958  940.810081  942.964745
8    911.648504  892.228685  897.332837  ...  934.505088  943.312223  953.675296
9    914.277035  896.573030  900.969512  ...  937.225367  940.098147  949.748721
10   904.219913  906.981123  903.591820  ...  944.238053  943.462161  954.157298
11   908.484930  902.322427  909.052936  ...  945.879723  948.840463  956.439704
12   912.395126  907.325605  911.956997  ...  950.211917  949.364962  978.213470
13   915.283555  920.483634  919.867935  ...  952.629795  950.413810  963.716798
14   920.429094  924.199707  923.803915  ...  960.759354  955.335002  960.333721
15   921.382861  926.602297  923.370075  ...  964.413517  959.626317  960.654208
16   926.601052  931.780046  921.870543  ...  970.051663  971.614549  978.032797
17   929.951828  909.820749  916.337336  ...  981.409489  976.465333  982.342890
18   924.348050  909.758749  914.993117  ...  986.094098  977.307701  985.882234

[19 rows x 19 columns]
2023-02-23 07:00:25,705 - data_set.py - line:93 - INFO - bic最小的P值和q值为：2、6
2023-02-23 07:00:26,541 - data_set.py - line:100 - INFO - predict time: 2005-07-28 05:20:00 count: 20.731726894406986
2023-02-23 07:00:26,541 - data_set.py - line:101 - INFO - test time: 2005-07-28 05:20:00 count: 19.25
2023-02-23 07:10:44,096 - data_set.py - line:91 - INFO -              0           1           2   ...          16          17          18
0   1106.359024  997.264863  948.386471  ...  925.246254  927.592835  928.458944
1    900.313687  905.421893  900.987384  ...  921.725727  926.951678  930.835559
2    905.356737  909.987694  899.664567  ...  926.202119  931.430971  928.906681
3    900.534738  904.673572  902.545952  ...  931.545786  932.054967  940.159940
4    903.779717  908.875357  891.840593  ...  935.937642  938.792629  938.110502
5    908.449317  912.659223  913.294527  ...  941.694843  939.808385  942.633271
6    908.505996  913.541723   47.031720  ...  936.060786  945.060171  947.317099
7    913.271505  893.996621  921.180196  ...  933.607517  944.234920  946.387941
8    915.452013  895.841396  900.913014  ...  938.057648  946.699078  956.844062
9    918.068904  900.203578  904.561581  ...  940.339860  943.685633  954.562509
10   907.840929  910.625305  907.257200  ...  947.898935  947.584166  958.372429
11   912.105511  905.979505  912.679199  ...  950.851887  952.476547  959.927341
12   916.021622  910.985131  915.584303  ...  953.881569  953.087141  969.429224
13   918.978534  924.187073  923.800691  ...  956.205735  954.232191  968.303234
14   924.140430  927.930543  928.285036  ...  966.030395  958.793008  968.464873
15   925.225136  930.449764  927.047885  ...  969.842055  963.177790  965.010456
16   930.448271  935.636606  924.724296  ...  979.385568  976.060486  982.179111
17   933.955900  913.785224  935.736677  ...  984.972513  981.529747  986.526835
18   928.250223  913.439754  918.636201  ...  989.248558  982.369200  989.952886

[19 rows x 19 columns]
2023-02-23 07:10:44,124 - data_set.py - line:93 - INFO - bic最小的P值和q值为：6、2
2023-02-23 07:10:45,067 - data_set.py - line:100 - INFO - predict time: 2005-07-28 06:00:00 count: 0.0
2023-02-23 07:10:45,067 - data_set.py - line:101 - INFO - test time: 2005-07-28 06:00:00 count: 18.25
2023-02-23 07:22:05,299 - data_set.py - line:91 - INFO -              0            1           2   ...          16          17          18
0   1111.282494  1001.601873  952.410275  ...  929.155539  931.322636  932.208565
1    904.102166   909.216077  904.746189  ...  925.319586  930.555839  934.480951
2    909.151211   913.780743  903.435002  ...  929.818872  935.051143  932.312792
3    904.294299   908.444598  906.300206  ...  935.269447  935.586578  943.872929
4    907.561517   912.664639  895.509726  ...  936.481143  942.417208  941.379650
5    912.241932   916.453007  917.062774  ...  944.696373  943.792941  946.158380
6    912.264749   917.309332  906.497544  ...  939.703165  948.763158  950.480038
7    917.043118   897.970556  924.985568  ...  937.320942  947.811429  949.969881
8    919.186472   899.816008  904.872532  ...  941.682122  950.110552  955.717166
9    921.803954   904.282463  908.572748  ...  944.877455  947.453664  955.634464
10   911.499446   914.426236  911.338190  ...  952.163405  952.445101  961.252618
11   915.796047   909.939563  916.771267  ...  954.932287  956.421538  963.636303
12   919.748055   914.943279  919.626229  ...  958.436109  956.965301  972.217285
13   922.769833   927.990881  927.645782  ...  960.181118  958.115173  971.260131
14   927.963178   931.790555  931.828964  ...  969.057036  962.198321  971.630182
15   928.917803   934.148712  930.190853  ...  976.527274  966.619103  968.558310
16   934.148454   939.350244  929.723438  ...  979.008651  980.803658  985.976450
17   937.660321   917.600543  935.393661  ...  988.876154  986.251977  990.664774
18   932.286496   917.368065  922.678178  ...  993.688696  986.230587  993.964281

[19 rows x 19 columns]
2023-02-23 07:22:05,390 - data_set.py - line:93 - INFO - bic最小的P值和q值为：2、6
2023-02-23 07:22:06,399 - data_set.py - line:100 - INFO - predict time: 2005-07-28 06:40:00 count: 22.69828990226704
2023-02-23 07:22:06,400 - data_set.py - line:101 - INFO - test time: 2005-07-28 06:40:00 count: 17.625
2023-02-23 07:33:43,501 - data_set.py - line:91 - INFO -              0            1           2   ...          16          17          18
0   1116.246217  1005.943994  956.557949  ...  933.369207  935.567674  936.476286
1    907.999888   913.117867  908.661359  ...  929.501808  934.731538  938.698034
2    913.052549   917.700518  907.424273  ...  933.961447  939.202036  936.386977
3    908.243568   912.421461  910.272710  ...  939.085971  942.368573  948.336659
4    911.540133   916.638491  899.202650  ...  940.084449  947.219262  944.858628
5    916.182577   920.380123  921.107322  ...  949.045627  951.711350  949.986314
6    916.246582   921.297626  906.057465  ...  945.571676  956.030143  954.357284
7    921.034809   902.531468  928.933630  ...  947.071256  951.418030  953.469282
8    923.238316   904.501657  909.485077  ...  945.590064  955.009596  962.008456
9    925.786561   908.990797  913.198662  ...  949.491572  950.890847  961.790967
10   915.511095   918.585677  916.280746  ...  958.144846  957.577200  965.049011
11   919.816728   914.628969  921.631429  ...  960.837757  960.829411  967.647923
12   923.873098   919.690985  924.236988  ...  965.115776  958.549333  989.948272
13   927.018257   932.249596  931.478460  ...  963.831409  961.924022  977.886832
14   932.234408   936.039317  934.159141  ...  972.503611  961.123385  977.488376
15   932.800787   938.035770  933.804520  ...  975.510254  966.001466  971.513529
16   938.033865   943.225496  932.268030  ...  980.630325  985.667955  989.590052
17   941.423417   921.361864  931.007603  ...  993.904253  990.454400  994.311678
18   936.038024   921.488586  926.877234  ...  998.258550  989.796254  997.792657

[19 rows x 19 columns]
2023-02-23 07:33:43,528 - data_set.py - line:93 - INFO - bic最小的P值和q值为：4、2
2023-02-23 07:33:43,857 - data_set.py - line:100 - INFO - predict time: 2005-07-28 07:20:00 count: 14.744691080903088
2023-02-23 07:33:43,857 - data_set.py - line:101 - INFO - test time: 2005-07-28 07:20:00 count: 21.125
2023-02-23 07:46:40,557 - data_set.py - line:91 - INFO -              0            1           2   ...           17           18           19
0   1121.176691  1010.248362  960.576397  ...   939.067085   939.994766   940.013125
1    911.781564   916.905052  912.404038  ...   938.249594   942.200530   945.085608
2    916.839869   921.489079  911.133719  ...   942.734903   939.966868   944.612162
3    911.983478   916.155693  913.977691  ...   944.598739   951.938389   952.332222
4    915.267480   920.370539  902.952019  ...   950.747254   948.347154   953.335283
5    919.913909   924.115581  924.840406  ...   954.890845   953.459468   958.157370
6    919.984772   925.044007  909.883796  ...   959.448891   957.749451   959.933452
7    924.784127   906.155318  932.676068  ...   955.076021   957.233839   962.615567
8    926.969397   908.186344  913.109376  ...   958.450967   965.842501   969.312609
9    929.488339   912.703095  916.889108  ...   954.278655   962.475699   963.138238
10   919.178245   922.203553  919.939834  ...   961.097470   968.144160   967.389440
11   923.470523   918.223058  925.341586  ...   964.123928   970.839943   971.273359
12   927.521790   923.295161  927.858273  ...   961.898968   981.559595   972.547993
13   930.627498   935.863605  935.154305  ...   965.009936   979.330160   977.498879
14   935.847023   939.642941  939.848487  ...   967.829426   986.078076   985.003462
15   936.440100   941.681500  937.889714  ...   974.011026   975.775464   994.817374
16   941.681057   946.885202  935.934566  ...   989.277895   993.037029   990.888018
17   945.028948   924.799803  931.364489  ...   993.399130   998.070572  1002.476659
18   939.770065   924.915476  930.208180  ...   993.435041  1001.747712  1005.919512
19   939.468977   930.076891  935.123708  ...  1000.115196  1007.971123  1012.237742

[20 rows x 20 columns]
2023-02-23 07:46:40,598 - data_set.py - line:93 - INFO - bic最小的P值和q值为：4、2
2023-02-23 07:46:41,124 - data_set.py - line:100 - INFO - predict time: 2005-07-28 08:00:00 count: 16.195299627663786
2023-02-23 07:46:41,124 - data_set.py - line:101 - INFO - test time: 2005-07-28 08:00:00 count: 19.0
2023-02-23 08:00:51,142 - data_set.py - line:91 - INFO -              0            1           2   ...           17           18           19
0   1126.656529  1015.687222  966.256322  ...   945.377898   945.355559   946.624604
1    917.899355   923.017052  918.901500  ...   944.251313   947.895087   951.568815
2    922.946443   927.642790  917.929683  ...   948.554907   945.469193   951.443285
3    918.370710   922.545622  920.893383  ...   949.429917   957.337154   960.594192
4    921.694053   926.825815  910.169695  ...   953.758373   955.393947   960.121662
5    926.451108   930.786449  931.248584  ...   956.683710   959.014814   963.518246
6    926.794389   931.800576  936.503617  ...   961.126679   964.102037   965.262136
7    931.466020   911.653611  939.483010  ...   962.197963   963.497879   968.953961
8    933.886421   913.809837  918.742806  ...   962.489608   971.774178   967.665766
9    936.391082   918.154460  922.640943  ...   962.650978   968.648993   969.208461
10   925.740034   928.847239  925.154570  ...   973.575087   973.981518   976.186660
11   930.158088   923.697442  930.121405  ...   967.783180   975.774588   974.299356
12   934.115549   928.663581  933.403654  ...   969.350909   999.857401   976.702218
13   937.211943   942.439532  941.615060  ...   968.007293   980.982476   981.260347
14   942.386196   946.173085  943.350641  ...   972.962287   981.230654   989.543673
15   943.497794   948.741116  950.963591  ...   974.550223   979.096910   996.248476
16   948.735545   953.979851  953.300100  ...   994.203442   997.810014   996.881362
17   951.467980   930.236385  933.553136  ...   999.345618  1001.112191  1006.423779
18   945.624046   930.834314  936.249918  ...  1001.017365  1006.720682  1011.833652
19   946.089268   936.044020  941.121024  ...  1009.647630  1012.048668  1016.653772

[20 rows x 20 columns]
2023-02-23 08:00:51,171 - data_set.py - line:93 - INFO - bic最小的P值和q值为：2、6
2023-02-23 08:00:51,762 - data_set.py - line:100 - INFO - predict time: 2005-07-28 08:40:00 count: 29.881576993013866
2023-02-23 08:00:51,762 - data_set.py - line:101 - INFO - test time: 2005-07-28 08:40:00 count: 24.0
2023-02-23 08:14:35,394 - data_set.py - line:91 - INFO -              0            1           2   ...           17           18           19
0   1131.773123  1021.654908  973.343344  ...   954.231874   953.364761   956.157879
1    925.266956   930.475944  926.305364  ...   952.893196   956.512408   961.098539
2    930.452493   934.819330  925.247863  ...   956.045160   955.499463   961.735367
3    926.151500   930.215949  928.211665  ...   959.085780   967.589543   972.026497
4    929.248657   934.395029  917.980334  ...   967.016633   963.192376   969.619051
5    934.060166   938.335611  939.060349  ...   967.983950   966.827119   970.592379
6    934.070246   939.127916  943.907861  ...   977.824454   970.488636   972.873775
7    938.885486   920.880323  946.943873  ...   969.719606   973.823758   978.934185
8    941.670264   922.919614  928.216683  ...   970.906225   976.570988   980.050577
9    943.892727   927.121349  932.069612  ...   974.255806   979.956633   983.670343
10   933.387549   936.469067  934.320364  ...   977.854016   982.763454   986.769350
11   937.821024   932.690710  938.075171  ...   987.327753   990.030340   990.535579
12   941.608801   937.741011  942.554195  ...   997.000112   996.232921   992.732090
13   944.850292   950.082914  949.793737  ...   982.239864   994.437342   994.421144
14   950.023586   953.783853  951.284826  ...   991.269267   999.789538  1010.450674
15   950.652411   955.903170  958.603029  ...   985.335498   996.293480  1010.603867
16   955.901080   961.093836  946.618622  ...  1002.323574  1014.291176   999.182150
17   959.063300   940.016060  942.061428  ...  1012.679356  1013.665974  1009.640471
18   954.966589   940.721858  946.337310  ...  1012.096217  1020.516028  1004.027069
19   955.923968   945.816433  951.191291  ...  1015.902791  1024.194960  1030.694269

[20 rows x 20 columns]
2023-02-23 08:14:35,427 - data_set.py - line:93 - INFO - bic最小的P值和q值为：4、2
2023-02-23 08:14:35,818 - data_set.py - line:100 - INFO - predict time: 2005-07-28 09:20:00 count: 20.07423521839929
2023-02-23 08:14:35,818 - data_set.py - line:101 - INFO - test time: 2005-07-28 09:20:00 count: 30.875
2023-02-23 08:27:54,449 - data_set.py - line:91 - INFO -              0            1           2   ...           17           18           19
0   1137.848313  1031.032028  983.134113  ...   962.153392   961.603155   964.688145
1    935.456687   940.706784  934.381094  ...   961.251188   964.924689   969.626831
2    940.702472   944.247641  933.096398  ...   963.253491   963.185261   969.324369
3    935.118331   939.051057  936.412215  ...   966.027057   975.797834   976.634515
4    937.978275   943.105172  925.304714  ...   973.379958   971.229192   976.958832
5    942.708081   946.939822  948.037169  ...   976.894918   971.982873   976.859835
6    942.599716   947.640371  929.878508  ...   977.628778   975.237221   976.915772
7    947.357954   927.370334  957.691480  ...   976.392665   980.813947   985.351683
8    949.816108   929.263728  934.858146  ...   976.765502   982.921835   986.269356
9    951.601736   933.488914  938.649595  ...   980.781883   983.155115   987.992655
10   941.900726   944.680362  941.006791  ...   982.257133   987.740467   991.282764
11   946.207965   939.724926  945.368693  ...   995.829194   995.276419   996.364813
12   949.985170   944.767042  949.700745  ...   992.080423  1002.164347   997.470503
13   953.450292   958.677626  958.398946  ...   999.191691   996.765958   999.440683
14   958.582420   962.290746  963.681371  ...  1001.324491  1008.176279  1011.537703
15   959.286743   964.543608  960.769378  ...  1005.168628  1001.015406  1017.825600
16   964.542667   969.762317  944.799620  ...  1009.904384  1018.493588  1004.029018
17   967.203649   945.658510  947.300383  ...  1018.584718  1020.575803  1015.394909
18   962.233999   946.173933  952.283576  ...  1018.655759  1026.091238  1008.206807
19   962.083319   951.235087  956.688917  ...  1023.231782  1030.044865  1035.872681

[20 rows x 20 columns]
2023-02-23 08:27:54,478 - data_set.py - line:93 - INFO - bic最小的P值和q值为：4、2
2023-02-23 08:27:54,853 - data_set.py - line:100 - INFO - predict time: 2005-07-28 10:00:00 count: 32.2294193995053
2023-02-23 08:27:54,853 - data_set.py - line:101 - INFO - test time: 2005-07-28 10:00:00 count: 44.625
2023-02-23 08:42:25,231 - data_set.py - line:91 - INFO -              0            1           2   ...           17           18           19
0   1144.962504  1035.730915  988.763200  ...   967.632791   967.313258   970.748019
1    940.370976   945.630598  941.160333  ...   967.112038   970.757434   975.658422
2    945.628957   949.767324  939.485698  ...   969.102830   969.499175   974.444650
3    941.286869   945.124409  942.181353  ...   970.933913   980.734135   981.614097
4    943.885456   949.027470  930.308868  ...   975.576825   977.536411   982.408029
5    948.675260   952.930145  953.881038  ...   982.042132   980.742864   983.964174
6    948.448423   953.491656  957.218941  ...   981.521918   981.247604   981.895909
7    953.206277   932.445438  963.556837  ...   985.421756   987.839911   992.124657
8    955.606372   934.255291  939.781058  ...   982.141287   981.520718   991.013201
9    957.226780   938.460494  943.506794  ...   983.362857   987.770538   989.645543
10   947.106694   950.247763  945.835935  ...   989.419782   991.616120   995.831761
11   951.602915   944.592149  950.246618  ...  1003.473384  1000.980166  1000.502354
12   955.309951   949.529153  954.460723  ...   996.192597  1006.937146  1001.536301
13   958.806964   964.048782  960.076081  ...   995.258638  1007.219426  1005.649811
14   963.983854   967.797280  969.530374  ...   993.642246  1008.243751  1016.335679
15   964.887330   970.147941  964.559429  ...  1008.891757  1004.603951  1019.381764
16   970.144697   975.381411  948.463610  ...  1013.127687  1022.697205  1008.802023
17   972.625942   949.836185  950.007498  ...  1023.291944  1026.417748  1016.953922
18   967.173935   950.204557  956.695429  ...  1022.945836  1031.192274  1012.281141
19   966.792290   955.255626  960.726889  ...  1028.355442  1035.161501  1038.077367

[20 rows x 20 columns]
2023-02-23 08:42:25,324 - data_set.py - line:93 - INFO - bic最小的P值和q值为：2、6
2023-02-23 08:42:26,192 - data_set.py - line:100 - INFO - predict time: 2005-07-28 10:40:00 count: 44.06221127639478
2023-02-23 08:42:26,193 - data_set.py - line:101 - INFO - test time: 2005-07-28 10:40:00 count: 59.125
2023-02-23 08:55:04,427 - data_set.py - line:91 - INFO -              0            1           2   ...           17           18           19
0   1158.520320  1052.732560  999.434248  ...   982.040512   983.116595   984.193964
1    953.131940   958.391441  951.919928  ...   982.619451   986.291345   990.415855
2    958.386307   961.644148  951.156701  ...   986.872861   987.792244   991.425086
3    951.365137   955.765800  954.629687  ...   984.422270   989.639034   994.260590
4    955.258520   960.464989  943.031947  ...   988.482975   996.908659   999.587206
5    960.226444   964.695719  965.464747  ...   994.063333   996.243991  1002.561941
6    960.594335   965.663878  949.970408  ...   994.644841   994.812510   995.523000
7    965.396515   945.044949  973.889999  ...  1001.040847   999.470000  1002.118888
8    967.921778   946.889128  952.702952  ...   994.926895   993.016062  1009.202893
9    969.664988   951.100907  956.506194  ...   998.224441   996.729275   999.154157
10   959.707224   963.152286  958.821103  ...   999.135319  1002.757404  1006.602301
11   964.141420   957.241453  963.775305  ...  1014.263176  1011.891306  1006.381046
12   968.462146   962.249963  967.417692  ...  1008.290369  1019.730214  1006.998784
13   971.913400   977.167645  977.196215  ...  1020.041483  1024.019927  1013.091586
14   977.123950   980.815729  978.500022  ...  1017.487352  1023.577522  1027.042511
15   977.612380   982.862328  977.080671  ...  1015.470247  1015.558554  1026.567890
16   982.836468   988.147623  959.416366  ...  1020.381557  1028.880309  1015.141610
17   985.218262   961.218386  960.097730  ...  1025.289464  1032.406293  1021.490297
18   979.643858   961.386249  968.113161  ...  1028.451775  1037.004524  1023.122324
19   978.944672   966.366983  971.901322  ...  1040.503480  1040.371512  1046.360348

[20 rows x 20 columns]
2023-02-23 08:55:04,479 - data_set.py - line:93 - INFO - bic最小的P值和q值为：2、6
2023-02-23 08:55:05,151 - data_set.py - line:100 - INFO - predict time: 2005-07-28 11:20:00 count: 67.14262163074957
2023-02-23 08:55:05,151 - data_set.py - line:101 - INFO - test time: 2005-07-28 11:20:00 count: 67.75
2023-02-23 09:10:14,809 - data_set.py - line:91 - INFO -              0            1   ...           18           19
0   1172.701965  1060.782342  ...   990.311460   991.153679
1    958.224825   963.461305  ...   992.963133   997.060887
2    963.439366   967.272187  ...   994.696648   999.939188
3    956.317509   960.596040  ...   995.607103  1000.417558
4    959.920593   965.079019  ...  1002.616445  1006.880514
5    964.691088   969.086125  ...  1004.995959  1010.075435
6    965.271362   970.310308  ...  1005.686556  1006.704631
7    969.993106   950.043601  ...  1006.744699  1014.550242
8    972.568246   952.294395  ...   998.560600  1008.984489
9    974.412874   956.575271  ...  1003.232784  1004.653122
10   964.697900   968.364748  ...  1008.091927  1011.207128
11   969.226351   962.736912  ...  1017.834055  1012.431133
12   973.544761   967.723446  ...  1022.474198  1015.020059
13   977.328638   982.590133  ...  1020.748505  1019.065280
14   982.548691   986.264764  ...  1026.794739  1026.211645
15   982.945952   988.203922  ...  1018.328865  1031.707835
16   988.181535   993.483607  ...  1033.706837  1023.308159
17   990.388156   966.476476  ...  1040.915720  1031.745257
18   984.896834   966.927977  ...  1046.367047  1028.097304
19   984.393044   971.925024  ...  1047.843727  1052.643072

[20 rows x 20 columns]
2023-02-23 09:10:14,875 - data_set.py - line:93 - INFO - bic最小的P值和q值为：5、6
2023-02-23 09:10:16,067 - data_set.py - line:100 - INFO - predict time: 2005-07-28 12:00:00 count: 81.05691389382001
2023-02-23 09:10:16,067 - data_set.py - line:101 - INFO - test time: 2005-07-28 12:00:00 count: 71.5
2023-02-23 09:22:56,894 - data_set.py - line:91 - INFO -              0            1   ...           18           19
0   1180.872921  1066.719094  ...   996.270372   996.820900
1    963.674418   968.891753  ...   999.450347  1002.476671
2    968.856417   973.196264  ...  1000.702812  1006.453314
3    962.941535   967.286467  ...  1002.744484  1008.165920
4    966.545704   971.618487  ...  1007.712230  1013.603635
5    971.030511   975.501998  ...  1011.452508  1016.934159
6    972.957108   978.086877  ...  1014.559546  1017.033156
7    977.867820   957.698080  ...  1013.364175  1016.872627
8    980.890579   959.438967  ...  1013.711878  1015.757925
9    982.618371   963.343868  ...  1007.396648  1009.841491
10   972.579684   975.791431  ...  1014.877564  1014.293108
11   976.944699   969.588270  ...  1019.365393  1020.118902
12   981.090989   974.604345  ...  1026.567716  1020.066940
13   984.892676   990.127619  ...  1027.435698  1023.751833
14   989.977225   993.506374  ...  1033.659833  1031.153461
15   990.525449   995.787752  ...  1022.692395  1038.263878
16   995.763664  1001.071394  ...  1034.508427  1025.817554
17   997.933274   973.937780  ...  1040.587470  1037.863688
18   993.049808   974.488115  ...  1048.720035  1033.522588
19   992.369543   979.365674  ...  1052.539371  1058.081776

[20 rows x 20 columns]
2023-02-23 09:22:56,923 - data_set.py - line:93 - INFO - bic最小的P值和q值为：5、6
2023-02-23 09:22:58,028 - data_set.py - line:100 - INFO - predict time: 2005-07-28 12:40:00 count: 79.22403055123965
2023-02-23 09:22:58,028 - data_set.py - line:101 - INFO - test time: 2005-07-28 12:40:00 count: 75.625
2023-02-23 09:38:52,651 - data_set.py - line:91 - INFO -              0            1   ...           18           19
0   1186.472108  1071.188555  ...  1000.957634  1004.545716
1    969.039707   974.135631  ...  1004.557332  1009.260674
2    974.028330   978.661703  ...  1006.307217  1011.156325
3    967.742474   972.278808  ...  1007.963732  1012.997763
4    971.718154   976.823842  ...  1012.392894  1017.664536
5    976.196314   980.623166  ...  1019.620463  1023.829570
6    977.704091   982.715169  ...  1018.301258  1019.077050
7    982.367803   961.923687  ...  1016.050342  1023.274671
8    985.581596   964.311273  ...  1019.076665  1019.588863
9    987.613404   968.069406  ...  1012.222114  1014.713118
10   977.579630   980.702892  ...  1021.166191  1019.202531
11   981.966499   974.275627  ...  1023.519079  1025.776699
12   986.023185   979.263512  ...  1028.736229  1026.426124
13   989.733400   994.972977  ...  1033.379450  1030.122586
14   994.833610   998.497177  ...  1040.571113  1037.942503
15   995.922533  1001.183294  ...  1029.414960  1041.871180
16  1001.147443  1006.488640  ...  1027.435076  1033.884551
17  1003.328977   979.994950  ...  1045.495881  1041.452031
18   998.550144   980.775246  ...  1054.530380  1035.859297
19   998.400496   985.723006  ...  1057.863567  1063.461593

[20 rows x 20 columns]
2023-02-23 09:38:52,714 - data_set.py - line:93 - INFO - bic最小的P值和q值为：5、6
2023-02-23 09:38:53,944 - data_set.py - line:100 - INFO - predict time: 2005-07-28 13:20:00 count: 72.43149522024174
2023-02-23 09:38:53,945 - data_set.py - line:101 - INFO - test time: 2005-07-28 13:20:00 count: 76.25
2023-02-23 09:51:02,346 - data_set.py - line:91 - INFO -              0            1   ...           18           19
0   1192.196202  1076.549027  ...  1006.245391  1009.517870
1    973.051875   978.188891  ...  1009.673055  1014.405529
2    978.106193   982.625480  ...  1011.155241  1019.137640
3    972.824313   977.398489  ...  1013.363286  1017.578487
4    976.895416   982.071862  ...  1016.583020  1028.480625
5    981.667951   986.241139  ...  1017.637586  1029.155841
6    983.197625   988.075952  ...  1026.320694  1020.304451
7    987.665372   967.357158  ...  1022.068705  1026.873899
8    991.585932   970.243086  ...  1021.913524  1027.524178
9    993.220957   973.252844  ...  1016.559977  1019.719275
10   982.386699   985.506743  ...  1024.694318  1023.526312
11   986.736430   979.175919  ...  1028.165821  1030.758209
12   990.769809   984.207191  ...  1033.348414  1028.218488
13   994.570263   999.821737  ...  1038.455639  1035.463671
14   999.701029  1003.514264  ...  1042.594548  1045.221145
15  1000.860197  1006.144077  ...  1033.521324  1049.526534
16  1006.136939  1011.407956  ...  1030.808776  1039.701044
17  1008.450651   984.492968  ...  1051.433837  1044.773967
18  1003.615810   985.022273  ...  1062.019775  1040.709781
19  1003.305724   989.927071  ...  1064.217736  1068.601262

[20 rows x 20 columns]
2023-02-23 09:51:02,405 - data_set.py - line:93 - INFO - bic最小的P值和q值为：4、2
2023-02-23 09:51:02,829 - data_set.py - line:100 - INFO - predict time: 2005-07-28 14:00:00 count: 79.64486992232888
